0 info it worked if it ends with ok
1 verbose cli [ '/nix/store/ajr6i77s89gjfjm59aazc16b5rvb39n7-nodejs-4.3.1/bin/node',
1 verbose cli   '/mnt/shared/sbin/npm',
1 verbose cli   'install',
1 verbose cli   '-g',
1 verbose cli   'learnyounode' ]
2 info using npm@2.14.12
3 info using node@v4.3.1
4 verbose install initial load of /nix/store/ajr6i77s89gjfjm59aazc16b5rvb39n7-nodejs-4.3.1/lib/package.json
5 verbose readDependencies loading dependencies from /nix/store/ajr6i77s89gjfjm59aazc16b5rvb39n7-nodejs-4.3.1/lib/package.json
6 silly cache add args [ 'learnyounode', null ]
7 verbose cache add spec learnyounode
8 silly cache add parsed spec Result {
8 silly cache add   raw: 'learnyounode',
8 silly cache add   scope: null,
8 silly cache add   name: 'learnyounode',
8 silly cache add   rawSpec: '',
8 silly cache add   spec: 'latest',
8 silly cache add   type: 'tag' }
9 silly addNamed learnyounode@latest
10 verbose addNamed "latest" is being treated as a dist-tag for learnyounode
11 info addNameTag [ 'learnyounode', 'latest' ]
12 silly mapToRegistry name learnyounode
13 silly mapToRegistry using default registry
14 silly mapToRegistry registry https://registry.npmjs.org/
15 silly mapToRegistry uri https://registry.npmjs.org/learnyounode
16 verbose addNameTag registry:https://registry.npmjs.org/learnyounode not in flight; fetching
17 verbose request uri https://registry.npmjs.org/learnyounode
18 verbose request no auth needed
19 info attempt registry request try #1 at 18:50:58
20 verbose request id 7a072d3652565c7d
21 verbose etag W/"59276e7c-3a30d"
22 verbose lastModified Thu, 25 May 2017 23:53:32 GMT
23 http request GET https://registry.npmjs.org/learnyounode
24 http 304 https://registry.npmjs.org/learnyounode
25 verbose headers { date: 'Tue, 24 Oct 2017 18:50:58 GMT',
25 verbose headers   via: '1.1 varnish',
25 verbose headers   'cache-control': 'max-age=300',
25 verbose headers   etag: 'W/"59276e7c-3a30d"',
25 verbose headers   age: '0',
25 verbose headers   connection: 'keep-alive',
25 verbose headers   'x-served-by': 'cache-ord1726-ORD',
25 verbose headers   'x-cache': 'MISS',
25 verbose headers   'x-cache-hits': '0',
25 verbose headers   'x-timer': 'S1508871059.788653,VS0,VE50',
25 verbose headers   vary: 'Accept-Encoding, Accept' }
26 silly get cb [ 304,
26 silly get   { date: 'Tue, 24 Oct 2017 18:50:58 GMT',
26 silly get     via: '1.1 varnish',
26 silly get     'cache-control': 'max-age=300',
26 silly get     etag: 'W/"59276e7c-3a30d"',
26 silly get     age: '0',
26 silly get     connection: 'keep-alive',
26 silly get     'x-served-by': 'cache-ord1726-ORD',
26 silly get     'x-cache': 'MISS',
26 silly get     'x-cache-hits': '0',
26 silly get     'x-timer': 'S1508871059.788653,VS0,VE50',
26 silly get     vary: 'Accept-Encoding, Accept' } ]
27 verbose etag https://registry.npmjs.org/learnyounode from cache
28 verbose get saving learnyounode to /home/ubuntu/.npm/registry.npmjs.org/learnyounode/.cache.json
29 silly addNameTag next cb for learnyounode with tag latest
30 silly addNamed learnyounode@3.5.10
31 verbose addNamed "3.5.10" is a plain semver version for learnyounode
32 silly cache afterAdd learnyounode@3.5.10
33 verbose afterAdd /home/ubuntu/.npm/learnyounode/3.5.10/package/package.json not in flight; writing
34 verbose afterAdd /home/ubuntu/.npm/learnyounode/3.5.10/package/package.json written
35 silly install resolved [ { name: 'learnyounode',
35 silly install resolved     version: '3.5.10',
35 silly install resolved     description: 'Learn You The Node.js For Much Win! An intro to Node.js via a set of self-guided workshops.',
35 silly install resolved     author:
35 silly install resolved      { name: 'Rod Vagg',
35 silly install resolved        email: 'rod@vagg.org',
35 silly install resolved        url: 'https://github.com/rvagg' },
35 silly install resolved     contributors:
35 silly install resolved      [ [Object],
35 silly install resolved        [Object],
35 silly install resolved        [Object],
35 silly install resolved        [Object],
35 silly install resolved        [Object],
35 silly install resolved        [Object],
35 silly install resolved        [Object],
35 silly install resolved        [Object],
35 silly install resolved        [Object],
35 silly install resolved        [Object],
35 silly install resolved        [Object],
35 silly install resolved        [Object],
35 silly install resolved        [Object],
35 silly install resolved        [Object],
35 silly install resolved        [Object],
35 silly install resolved        [Object],
35 silly install resolved        [Object],
35 silly install resolved        [Object],
35 silly install resolved        [Object],
35 silly install resolved        [Object],
35 silly install resolved        [Object],
35 silly install resolved        [Object],
35 silly install resolved        [Object],
35 silly install resolved        [Object],
35 silly install resolved        [Object],
35 silly install resolved        [Object],
35 silly install resolved        [Object],
35 silly install resolved        [Object],
35 silly install resolved        [Object],
35 silly install resolved        [Object],
35 silly install resolved        [Object],
35 silly install resolved        [Object],
35 silly install resolved        [Object],
35 silly install resolved        [Object],
35 silly install resolved        [Object],
35 silly install resolved        [Object],
35 silly install resolved        [Object],
35 silly install resolved        [Object],
35 silly install resolved        [Object],
35 silly install resolved        [Object],
35 silly install resolved        [Object],
35 silly install resolved        [Object],
35 silly install resolved        [Object],
35 silly install resolved        [Object],
35 silly install resolved        [Object],
35 silly install resolved        [Object],
35 silly install resolved        [Object] ],
35 silly install resolved     repository:
35 silly install resolved      { type: 'git',
35 silly install resolved        url: 'git+https://github.com/workshopper/learnyounode.git' },
35 silly install resolved     license: 'MIT',
35 silly install resolved     dependencies:
35 silly install resolved      { after: '~0.8.1',
35 silly install resolved        bl: '^1.1.2',
35 silly install resolved        boganipsum: '~0.1.0',
35 silly install resolved        'colors-tmpl': '^1.0.0',
35 silly install resolved        'combined-stream': '^1.0.5',
35 silly install resolved        'concat-stream': '^1.5.1',
35 silly install resolved        duplexer: '^0.1.1',
35 silly install resolved        hyperquest: '^2.0.0',
35 silly install resolved        rimraf: '^2.5.4',
35 silly install resolved        through: '^2.3.8',
35 silly install resolved        through2: '^2.0.1',
35 silly install resolved        'through2-map': '^3.0.0',
35 silly install resolved        'workshopper-adventure': '^6.0.0',
35 silly install resolved        'workshopper-exercise': '^3.0.1',
35 silly install resolved        'workshopper-wrappedexec': '~0.1.1' },
35 silly install resolved     devDependencies:
35 silly install resolved      { standard: '^8.1.0',
35 silly install resolved        'standard-version': '^4.0.0',
35 silly install resolved        'workshopper-adventure-test': '^1.0.4' },
35 silly install resolved     scripts:
35 silly install resolved      { lint: 'standard',
35 silly install resolved        test: 'npm run lint && ./node_modules/.bin/workshopper-adventure-test',
35 silly install resolved        release: 'standard-version' },
35 silly install resolved     bin: { learnyounode: './bin/learnyounode' },
35 silly install resolved     main: './learnyounode.js',
35 silly install resolved     preferGlobal: true,
35 silly install resolved     gitHead: '564e24f9905a9265bbf51f186d69b7c3e791fbf3',
35 silly install resolved     bugs: { url: 'https://github.com/workshopper/learnyounode/issues' },
35 silly install resolved     homepage: 'https://github.com/workshopper/learnyounode#readme',
35 silly install resolved     _id: 'learnyounode@3.5.10',
35 silly install resolved     _shasum: '9d7ca83554df0f5b7a2cdbce04abe81a9938c239',
35 silly install resolved     _from: 'learnyounode@latest',
35 silly install resolved     _npmVersion: '3.10.8',
35 silly install resolved     _nodeVersion: '6.9.1',
35 silly install resolved     _npmUser: { name: 'leichtgewicht', email: 'martin.heidegger@gmail.com' },
35 silly install resolved     dist:
35 silly install resolved      { shasum: '9d7ca83554df0f5b7a2cdbce04abe81a9938c239',
35 silly install resolved        tarball: 'https://registry.npmjs.org/learnyounode/-/learnyounode-3.5.10.tgz' },
35 silly install resolved     maintainers: [ [Object], [Object], [Object] ],
35 silly install resolved     _npmOperationalInternal:
35 silly install resolved      { host: 'packages-12-west.internal.npmjs.com',
35 silly install resolved        tmp: 'tmp/learnyounode-3.5.10.tgz_1487529883082_0.2546426809858531' },
35 silly install resolved     directories: {},
35 silly install resolved     _resolved: 'https://registry.npmjs.org/learnyounode/-/learnyounode-3.5.10.tgz',
35 silly install resolved     readme: 'ERROR: No README data found!' } ]
36 info install learnyounode@3.5.10 into /nix/store/ajr6i77s89gjfjm59aazc16b5rvb39n7-nodejs-4.3.1/lib
37 info installOne learnyounode@3.5.10
38 verbose installOne of learnyounode to /nix/store/ajr6i77s89gjfjm59aazc16b5rvb39n7-nodejs-4.3.1/lib not in flight; installing
39 verbose lock using /home/ubuntu/.npm/_locks/learnyounode-186ff53f77c91313.lock for /nix/store/ajr6i77s89gjfjm59aazc16b5rvb39n7-nodejs-4.3.1/lib/node_modules/learnyounode
40 silly install write writing learnyounode 3.5.10 to /nix/store/ajr6i77s89gjfjm59aazc16b5rvb39n7-nodejs-4.3.1/lib/node_modules/learnyounode
41 verbose unbuild lib/node_modules/learnyounode
42 silly gentlyRm /nix/store/ajr6i77s89gjfjm59aazc16b5rvb39n7-nodejs-4.3.1/lib/node_modules/learnyounode is being purged from base /nix/store/ajr6i77s89gjfjm59aazc16b5rvb39n7-nodejs-4.3.1
43 verbose gentlyRm don't care about contents; nuking /nix/store/ajr6i77s89gjfjm59aazc16b5rvb39n7-nodejs-4.3.1/lib/node_modules/learnyounode
44 verbose tar unpack /home/ubuntu/.npm/learnyounode/3.5.10/package.tgz
45 verbose tar unpacking to /nix/store/ajr6i77s89gjfjm59aazc16b5rvb39n7-nodejs-4.3.1/lib/node_modules/learnyounode
46 silly gentlyRm /nix/store/ajr6i77s89gjfjm59aazc16b5rvb39n7-nodejs-4.3.1/lib/node_modules/learnyounode is being purged
47 verbose gentlyRm don't care about contents; nuking /nix/store/ajr6i77s89gjfjm59aazc16b5rvb39n7-nodejs-4.3.1/lib/node_modules/learnyounode
48 silly gunzTarPerm modes [ '755', '644' ]
49 error tar.unpack untar error /home/ubuntu/.npm/learnyounode/3.5.10/package.tgz
50 verbose unlock done using /home/ubuntu/.npm/_locks/learnyounode-186ff53f77c91313.lock for /nix/store/ajr6i77s89gjfjm59aazc16b5rvb39n7-nodejs-4.3.1/lib/node_modules/learnyounode
51 verbose fstream_path /nix/store/ajr6i77s89gjfjm59aazc16b5rvb39n7-nodejs-4.3.1/lib/node_modules/learnyounode
52 verbose fstream_type Directory
53 verbose fstream_class DirWriter
54 verbose stack Error: EROFS: read-only file system, mkdir '/nix/store/ajr6i77s89gjfjm59aazc16b5rvb39n7-nodejs-4.3.1/lib/node_modules/learnyounode'
54 verbose stack     at Error (native)
55 verbose fstream_stack /nix/store/ajr6i77s89gjfjm59aazc16b5rvb39n7-nodejs-4.3.1/lib/node_modules/npm/node_modules/fstream/lib/dir-writer.js:35:25
55 verbose fstream_stack /nix/store/ajr6i77s89gjfjm59aazc16b5rvb39n7-nodejs-4.3.1/lib/node_modules/npm/node_modules/mkdirp/index.js:47:53
55 verbose fstream_stack FSReqWrap.oncomplete (fs.js:82:15)
56 verbose cwd /home/ubuntu/workspace/labs_wmdd4935
57 error Linux 4.9.17-c9
58 error argv "/nix/store/ajr6i77s89gjfjm59aazc16b5rvb39n7-nodejs-4.3.1/bin/node" "/mnt/shared/sbin/npm" "install" "-g" "learnyounode"
59 error node v4.3.1
60 error npm  v2.14.12
61 error path /nix/store/ajr6i77s89gjfjm59aazc16b5rvb39n7-nodejs-4.3.1/lib/node_modules/learnyounode
62 error code EROFS
63 error errno -30
64 error syscall mkdir
65 error rofs EROFS: read-only file system, mkdir '/nix/store/ajr6i77s89gjfjm59aazc16b5rvb39n7-nodejs-4.3.1/lib/node_modules/learnyounode'
65 error rofs This is most likely not a problem with npm itself
65 error rofs and is related to the file system being read-only.
65 error rofs
65 error rofs Often virtualized file systems, or other file systems
65 error rofs that don't support symlinks, give this error.
66 verbose exit [ -30, true ]
67 verbose unbuild lib/node_modules/learnyounode
68 silly gentlyRm /nix/store/ajr6i77s89gjfjm59aazc16b5rvb39n7-nodejs-4.3.1/lib/node_modules/learnyounode is being purged from base /nix/store/ajr6i77s89gjfjm59aazc16b5rvb39n7-nodejs-4.3.1
69 verbose gentlyRm don't care about contents; nuking /nix/store/ajr6i77s89gjfjm59aazc16b5rvb39n7-nodejs-4.3.1/lib/node_modules/learnyounode
